Could not read previous export (for caching), doing full export.
Main: Exporting image
back_button: Exporting image
notification: Exporting image
top banner: Exporting image
Destination Reached!: Exporting image
difficultybar: Exporting image
circle: Exporting image
right circle: Exporting image
left circle: Exporting image
explore: Exporting image
red_circle: Exporting image
explore_button: Exporting image
half_dome: Exporting image
gobutton: Exporting image
difficulty: Exporting image
Time: Exporting image
sm_details: Exporting image
sm_map: Exporting image
details_share: Exporting image
details_explore: Exporting image
details_text: Exporting image
trail_yellow: Exporting image
mapdetails: Exporting image
24 views changed
Success: /Users/georgeqwu/Google_Drive/CS160/DeriveApps/final_watch.framer/imported/arrival newest
